<?xml version="1.0" encoding="UTF-8"?>
<!-- Generated by org.testng.reporters.JUnitXMLReporter -->
<testsuite ignored="3" hostname="DESKTOP-EQS02MH" failures="0" tests="3" name="chrome run" time="1.358" errors="0" timestamp="2023-07-12T13:46:36 IST">
  <testcase classname="org.jumia.vtiger.testScripts.BaseTestClass" name="@BeforeClass launchBrowser" time="0.005">
    <failure type="java.lang.NullPointerException" message="Cannot invoke &amp;quot;org.jumia.vtiger.genericCode.WebDriverUtil.testCaseId(String)&amp;quot; because &amp;quot;this.webUtil&amp;quot; is null">
      <![CDATA[java.lang.NullPointerException: Cannot invoke "org.jumia.vtiger.genericCode.WebDriverUtil.testCaseId(String)" because "this.webUtil" is null
at org.jumia.vtiger.testScripts.BaseTestClass.launchBrowser(BaseTestClass.java:47)
at java.base/java.util.ArrayList.forEach(ArrayList.java:1511)
... Removed 25 stack frames]]>
    </failure>
  </testcase> <!-- @BeforeClass launchBrowser -->
  <testcase classname="org.jumia.vtiger.testScripts.BaseTestClass" name="@BeforeMethod startFromLogin" time="0.002">
    <failure type="java.lang.NullPointerException" message="Cannot invoke &amp;quot;org.jumia.vtiger.genericCode.WebDriverUtil.testCaseId(String)&amp;quot; because &amp;quot;this.webUtil&amp;quot; is null">
      <![CDATA[java.lang.NullPointerException: Cannot invoke "org.jumia.vtiger.genericCode.WebDriverUtil.testCaseId(String)" because "this.webUtil" is null
at org.jumia.vtiger.testScripts.BaseTestClass.startFromLogin(BaseTestClass.java:76)
at java.base/java.util.ArrayList.forEach(ArrayList.java:1511)
... Removed 31 stack frames]]>
    </failure>
  </testcase> <!-- @BeforeMethod startFromLogin -->
  <testcase classname="org.jumia.vtiger.testScripts.BaseTestClass" name="@AfterMethod logout" time="0.003">
    <failure type="java.lang.NullPointerException" message="Cannot invoke &amp;quot;com.eva.vtiger.pages.functionality.myhomepage.home.HomePage.signOut()&amp;quot; because &amp;quot;this.hmp&amp;quot; is null">
      <![CDATA[java.lang.NullPointerException: Cannot invoke "com.eva.vtiger.pages.functionality.myhomepage.home.HomePage.signOut()" because "this.hmp" is null
at org.jumia.vtiger.testScripts.BaseTestClass.logout(BaseTestClass.java:88)
at java.base/java.util.ArrayList.forEach(ArrayList.java:1511)
... Removed 32 stack frames]]>
    </failure>
  </testcase> <!-- @AfterMethod logout -->
  <testcase classname="org.jumia.vtiger.testScripts.BaseTestClass" name="@BeforeMethod startFromLogin" time="0.001">
    <failure type="java.lang.NullPointerException" message="Cannot invoke &amp;quot;org.jumia.vtiger.genericCode.WebDriverUtil.testCaseId(String)&amp;quot; because &amp;quot;this.webUtil&amp;quot; is null">
      <![CDATA[java.lang.NullPointerException: Cannot invoke "org.jumia.vtiger.genericCode.WebDriverUtil.testCaseId(String)" because "this.webUtil" is null
at org.jumia.vtiger.testScripts.BaseTestClass.startFromLogin(BaseTestClass.java:76)
at java.base/java.util.ArrayList.forEach(ArrayList.java:1511)
... Removed 31 stack frames]]>
    </failure>
  </testcase> <!-- @BeforeMethod startFromLogin -->
  <testcase classname="org.jumia.vtiger.testScripts.BaseTestClass" name="@AfterMethod logout" time="0.0">
    <failure type="java.lang.NullPointerException" message="Cannot invoke &amp;quot;com.eva.vtiger.pages.functionality.myhomepage.home.HomePage.signOut()&amp;quot; because &amp;quot;this.hmp&amp;quot; is null">
      <![CDATA[java.lang.NullPointerException: Cannot invoke "com.eva.vtiger.pages.functionality.myhomepage.home.HomePage.signOut()" because "this.hmp" is null
at org.jumia.vtiger.testScripts.BaseTestClass.logout(BaseTestClass.java:88)
at java.base/java.util.ArrayList.forEach(ArrayList.java:1511)
... Removed 32 stack frames]]>
    </failure>
  </testcase> <!-- @AfterMethod logout -->
  <testcase classname="org.jumia.vtiger.testScripts.BaseTestClass" name="@BeforeMethod startFromLogin" time="0.0">
    <failure type="java.lang.NullPointerException" message="Cannot invoke &amp;quot;org.jumia.vtiger.genericCode.WebDriverUtil.testCaseId(String)&amp;quot; because &amp;quot;this.webUtil&amp;quot; is null">
      <![CDATA[java.lang.NullPointerException: Cannot invoke "org.jumia.vtiger.genericCode.WebDriverUtil.testCaseId(String)" because "this.webUtil" is null
at org.jumia.vtiger.testScripts.BaseTestClass.startFromLogin(BaseTestClass.java:76)
at java.base/java.util.ArrayList.forEach(ArrayList.java:1511)
... Removed 31 stack frames]]>
    </failure>
  </testcase> <!-- @BeforeMethod startFromLogin -->
  <testcase classname="org.jumia.vtiger.testScripts.BaseTestClass" name="@AfterMethod logout" time="0.0">
    <failure type="java.lang.NullPointerException" message="Cannot invoke &amp;quot;com.eva.vtiger.pages.functionality.myhomepage.home.HomePage.signOut()&amp;quot; because &amp;quot;this.hmp&amp;quot; is null">
      <![CDATA[java.lang.NullPointerException: Cannot invoke "com.eva.vtiger.pages.functionality.myhomepage.home.HomePage.signOut()" because "this.hmp" is null
at org.jumia.vtiger.testScripts.BaseTestClass.logout(BaseTestClass.java:88)
at java.base/java.util.ArrayList.forEach(ArrayList.java:1511)
... Removed 32 stack frames]]>
    </failure>
  </testcase> <!-- @AfterMethod logout -->
  <testcase classname="org.jumia.vtiger.testScripts.BaseTestClass" name="@AfterClass closeTheBrowser" time="0.003">
    <failure type="java.lang.NullPointerException" message="Cannot invoke &amp;quot;org.jumia.vtiger.genericCode.WebDriverUtil.close()&amp;quot; because &amp;quot;this.webUtil&amp;quot; is null">
      <![CDATA[java.lang.NullPointerException: Cannot invoke "org.jumia.vtiger.genericCode.WebDriverUtil.close()" because "this.webUtil" is null
at org.jumia.vtiger.testScripts.BaseTestClass.closeTheBrowser(BaseTestClass.java:57)
at java.base/java.util.ArrayList.forEach(ArrayList.java:1511)
... Removed 25 stack frames]]>
    </failure>
  </testcase> <!-- @AfterClass closeTheBrowser -->
  <testcase classname="org.jumia.vtiger.testScripts.TestScript" name="verifyCreateInvoice" time="0.0">
    <skipped/>
  </testcase> <!-- verifyCreateInvoice -->
  <testcase classname="org.jumia.vtiger.testScripts.TestScript" name="verifyCreateInvoice" time="0.0">
    <skipped/>
  </testcase> <!-- verifyCreateInvoice -->
  <testcase classname="org.jumia.vtiger.testScripts.TestScript" name="verifyCreateInvoice" time="0.0">
    <skipped/>
  </testcase> <!-- verifyCreateInvoice -->
  <testcase classname="org.jumia.vtiger.testScripts.TestScript" name="verifyImportLead" time="0.0">
    <ignored/>
  </testcase> <!-- verifyImportLead -->
  <testcase classname="org.jumia.vtiger.testScripts.TestScript" name="verifyCreateLead" time="0.0">
    <ignored/>
  </testcase> <!-- verifyCreateLead -->
  <testcase classname="org.jumia.vtiger.testScripts.TestScript" name="verifyCreateCampaign" time="0.0">
    <ignored/>
  </testcase> <!-- verifyCreateCampaign -->
</testsuite> <!-- chrome run -->
