<?xml version="1.0" encoding="UTF-8"?>
<!-- Generated by org.testng.reporters.JUnitXMLReporter -->
<testsuite ignored="3" hostname="DESKTOP-EQS02MH" failures="0" tests="0" name="PackageLevelXml" time="1.936" errors="0" timestamp="2023-06-29T14:49:43 IST">
  <testcase classname="org.jumia.vtiger.testScripts.TestScript" name="verifyCreateCampaign" time="0.0">
    <ignored/>
  </testcase> <!-- verifyCreateCampaign -->
  <testcase classname="org.jumia.vtiger.testScripts.TestScript" name="verifyImportLead" time="0.0">
    <ignored/>
  </testcase> <!-- verifyImportLead -->
  <testcase classname="org.jumia.vtiger.testScripts.TestScript" name="verifyCreateLead" time="0.0">
    <ignored/>
  </testcase> <!-- verifyCreateLead -->
</testsuite> <!-- PackageLevelXml -->
