<?xml version="1.0" encoding="UTF-8"?>
<!-- Generated by org.testng.reporters.JUnitXMLReporter -->
<testsuite ignored="0" hostname="DESKTOP-EQS02MH" failures="0" tests="4" name="Test Annotations" time="0.192" errors="0" timestamp="2023-03-26T19:22:38 IST">
  <testcase classname="testngpractise1.TC1" name="test1" time="0.014"/>
  <testcase classname="testngpractise1.TC1" name="test2" time="0.009"/>
  <testcase classname="testngpractise1.TC2" name="test3" time="0.012"/>
  <testcase classname="testngpractise1.TC2" name="test4" time="0.012"/>
</testsuite> <!-- Test Annotations -->
