<?xml version="1.0" encoding="UTF-8"?>
<!-- Generated by org.testng.reporters.JUnitXMLReporter -->
<testsuite ignored="3" hostname="DESKTOP-EQS02MH" failures="0" tests="1" name="Default test" time="24.411" errors="0" timestamp="2023-07-21T12:14:05 IST">
  <testcase classname="org.jumia.vtiger.testScripts.TestScript" name="verifyImportLead" time="12.756"/>
  <testcase classname="org.jumia.vtiger.testScripts.TestScript" name="verifyCreateLead" time="0.0">
    <ignored/>
  </testcase> <!-- verifyCreateLead -->
  <testcase classname="org.jumia.vtiger.testScripts.TestScript" name="verifyCreateInvoice" time="0.0">
    <ignored/>
  </testcase> <!-- verifyCreateInvoice -->
  <testcase classname="org.jumia.vtiger.testScripts.TestScript" name="a" time="0.0">
    <ignored/>
  </testcase> <!-- a -->
</testsuite> <!-- Default test -->
