<?xml version="1.0" encoding="UTF-8"?>
<!-- Generated by org.testng.reporters.JUnitXMLReporter -->
<testsuite ignored="0" hostname="DESKTOP-EQS02MH" failures="0" tests="2" name="firefox run" time="41.015" errors="0" timestamp="2023-07-17T13:38:11 IST">
  <testcase classname="org.jumia.vtiger.testScripts.TextCase_VtigerAutomate2" name="verifyCreateCampaign" time="9.646"/>
  <testcase classname="org.jumia.vtiger.testScripts.TextCase_VtigerAutomate2" name="verifyCreateCampaign" time="11.807"/>
</testsuite> <!-- firefox run -->
