<?xml version="1.0" encoding="UTF-8"?>
<testng-results ignored="3" total="4" passed="1" failed="0" skipped="0">
  <reporter-output>
  </reporter-output>
  <suite started-at="2023-07-21T12:13:41 IST" name="Default suite" finished-at="2023-07-21T12:14:05 IST" duration-ms="24411">
    <groups>
    </groups>
    <test started-at="2023-07-21T12:13:41 IST" name="Default test" finished-at="2023-07-21T12:14:05 IST" duration-ms="24411">
      <class name="org.jumia.vtiger.testScripts.TestScript">
        <test-method is-config="true" signature="generateExtentReport()[pri:0, instance:org.jumia.vtiger.testScripts.TestScript@221a3fa4]" started-at="2023-07-21T12:13:41 IST" name="generateExtentReport" finished-at="2023-07-21T12:13:41 IST" duration-ms="522" status="PASS">
          <reporter-output>
          </reporter-output>
        </test-method> <!-- generateExtentReport -->
        <test-method is-config="true" signature="launchBrowser()[pri:0, instance:org.jumia.vtiger.testScripts.TestScript@221a3fa4]" started-at="2023-07-21T12:13:41 IST" name="launchBrowser" finished-at="2023-07-21T12:13:47 IST" duration-ms="5174" status="PASS">
          <reporter-output>
          </reporter-output>
        </test-method> <!-- launchBrowser -->
        <test-method is-config="true" signature="startFromLogin(java.lang.reflect.Method)[pri:0, instance:org.jumia.vtiger.testScripts.TestScript@221a3fa4]" started-at="2023-07-21T12:13:47 IST" name="startFromLogin" finished-at="2023-07-21T12:13:49 IST" duration-ms="2627" status="PASS">
          <params>
            <param index="0">
              <value>
                <![CDATA[public void org.jumia.vtiger.testScripts.TestScript.verifyImportLead()]]>
              </value>
            </param>
          </params>
          <reporter-output>
          </reporter-output>
        </test-method> <!-- startFromLogin -->
        <test-method signature="verifyImportLead()[pri:0, instance:org.jumia.vtiger.testScripts.TestScript@221a3fa4]" started-at="2023-07-21T12:13:49 IST" name="verifyImportLead" finished-at="2023-07-21T12:14:02 IST" duration-ms="12756" status="PASS">
          <reporter-output>
          </reporter-output>
        </test-method> <!-- verifyImportLead -->
        <test-method is-config="true" signature="logout(org.testng.ITestResult)[pri:0, instance:org.jumia.vtiger.testScripts.TestScript@221a3fa4]" started-at="2023-07-21T12:14:02 IST" name="logout" finished-at="2023-07-21T12:14:03 IST" duration-ms="1408" status="PASS">
          <params>
            <param index="0">
              <value>
                <![CDATA[[TestResult name=verifyImportLead status=SUCCESS method=TestScript.verifyImportLead()[pri:0, instance:org.jumia.vtiger.testScripts.TestScript@221a3fa4] output={null}]]]>
              </value>
            </param>
          </params>
          <reporter-output>
          </reporter-output>
        </test-method> <!-- logout -->
        <test-method is-config="true" signature="closeTheBrowser()[pri:0, instance:org.jumia.vtiger.testScripts.TestScript@221a3fa4]" started-at="2023-07-21T12:14:03 IST" name="closeTheBrowser" finished-at="2023-07-21T12:14:05 IST" duration-ms="1302" status="PASS">
          <reporter-output>
          </reporter-output>
        </test-method> <!-- closeTheBrowser -->
        <test-method is-config="true" signature="flushed()[pri:0, instance:org.jumia.vtiger.testScripts.TestScript@221a3fa4]" started-at="2023-07-21T12:14:05 IST" name="flushed" finished-at="2023-07-21T12:14:05 IST" duration-ms="547" status="PASS">
          <reporter-output>
          </reporter-output>
        </test-method> <!-- flushed -->
      </class> <!-- org.jumia.vtiger.testScripts.TestScript -->
    </test> <!-- Default test -->
  </suite> <!-- Default suite -->
</testng-results>
