<?xml version="1.0" encoding="UTF-8"?>
<testng-results ignored="0" total="1" passed="1" failed="0" skipped="0">
  <reporter-output>
  </reporter-output>
  <suite started-at="2023-07-04T14:28:31 IST" name="Default suite" finished-at="2023-07-04T14:29:38 IST" duration-ms="67216">
    <groups>
    </groups>
    <test started-at="2023-07-04T14:28:31 IST" name="Default test" finished-at="2023-07-04T14:29:38 IST" duration-ms="67216">
      <class name="testCaseLayer.Whishlist_module_TC">
        <test-method signature="logOutVerification()[pri:0, instance:testCaseLayer.Whishlist_module_TC@6fdbe764]" started-at="2023-07-04T14:28:31 IST" name="logOutVerification" finished-at="2023-07-04T14:29:38 IST" duration-ms="67149" status="PASS">
          <reporter-output>
          </reporter-output>
        </test-method> <!-- logOutVerification -->
      </class> <!-- testCaseLayer.Whishlist_module_TC -->
    </test> <!-- Default test -->
  </suite> <!-- Default suite -->
</testng-results>
